20-02-2021 10:29:33 ERROR ClientDaoPostgres:115 - Failed to update client
org.postgresql.util.PSQLException: ERROR: syntax error at or near "("
  Position: 15
	at org.postgresql.core.v3.QueryExecutorImpl.receiveErrorResponse(QueryExecutorImpl.java:2553)
	at org.postgresql.core.v3.QueryExecutorImpl.processResults(QueryExecutorImpl.java:2285)
	at org.postgresql.core.v3.QueryExecutorImpl.execute(QueryExecutorImpl.java:323)
	at org.postgresql.jdbc.PgStatement.executeInternal(PgStatement.java:473)
	at org.postgresql.jdbc.PgStatement.execute(PgStatement.java:393)
	at org.postgresql.jdbc.PgPreparedStatement.executeWithFlags(PgPreparedStatement.java:164)
	at org.postgresql.jdbc.PgPreparedStatement.executeQuery(PgPreparedStatement.java:114)
	at dev.zhen.daos.ClientDaoPostgres.updateClient(ClientDaoPostgres.java:109)
	at dev.zhen.service.ClientServiceImpl.updateClient(ClientServiceImpl.java:38)
	at dev.zhen.controllers.ClientController.lambda$new$3(ClientController.java:63)
	at io.javalin.core.security.SecurityUtil.noopAccessManager(SecurityUtil.kt:23)
	at io.javalin.http.JavalinServlet$addHandler$protectedHandler$1.handle(JavalinServlet.kt:121)
	at io.javalin.http.JavalinServlet$service$2$1.invoke(JavalinServlet.kt:45)
	at io.javalin.http.JavalinServlet$service$2$1.invoke(JavalinServlet.kt:24)
	at io.javalin.http.JavalinServlet$service$1.invoke(JavalinServlet.kt:129)
	at io.javalin.http.JavalinServlet$service$2.invoke(JavalinServlet.kt:40)
	at io.javalin.http.JavalinServlet.service(JavalinServlet.kt:81)
	at javax.servlet.http.HttpServlet.service(HttpServlet.java:790)
	at io.javalin.websocket.JavalinWsServlet.service(JavalinWsServlet.kt:51)
	at javax.servlet.http.HttpServlet.service(HttpServlet.java:790)
	at org.eclipse.jetty.servlet.ServletHolder.handle(ServletHolder.java:791)
	at org.eclipse.jetty.servlet.ServletHandler.doHandle(ServletHandler.java:550)
	at org.eclipse.jetty.server.handler.ScopedHandler.nextHandle(ScopedHandler.java:233)
	at org.eclipse.jetty.server.session.SessionHandler.doHandle(SessionHandler.java:1624)
	at org.eclipse.jetty.server.handler.ScopedHandler.nextHandle(ScopedHandler.java:233)
	at io.javalin.core.JavalinServer$start$wsAndHttpHandler$1.doHandle(JavalinServer.kt:49)
	at org.eclipse.jetty.server.handler.ScopedHandler.nextScope(ScopedHandler.java:188)
	at org.eclipse.jetty.servlet.ServletHandler.doScope(ServletHandler.java:501)
	at org.eclipse.jetty.server.session.SessionHandler.doScope(SessionHandler.java:1594)
	at org.eclipse.jetty.server.handler.ScopedHandler.nextScope(ScopedHandler.java:186)
	at org.eclipse.jetty.server.handler.ContextHandler.doScope(ContextHandler.java:1350)
	at org.eclipse.jetty.server.handler.ScopedHandler.handle(ScopedHandler.java:141)
	at org.eclipse.jetty.server.handler.StatisticsHandler.handle(StatisticsHandler.java:179)
	at org.eclipse.jetty.server.handler.HandlerWrapper.handle(HandlerWrapper.java:127)
	at org.eclipse.jetty.server.Server.handle(Server.java:516)
	at org.eclipse.jetty.server.HttpChannel.lambda$handle$1(HttpChannel.java:388)
	at org.eclipse.jetty.server.HttpChannel.dispatch(HttpChannel.java:633)
	at org.eclipse.jetty.server.HttpChannel.handle(HttpChannel.java:380)
	at org.eclipse.jetty.server.HttpConnection.onFillable(HttpConnection.java:273)
	at org.eclipse.jetty.io.AbstractConnection$ReadCallback.succeeded(AbstractConnection.java:311)
	at org.eclipse.jetty.io.FillInterest.fillable(FillInterest.java:105)
	at org.eclipse.jetty.io.ChannelEndPoint$1.run(ChannelEndPoint.java:104)
	at org.eclipse.jetty.util.thread.strategy.EatWhatYouKill.runTask(EatWhatYouKill.java:336)
	at org.eclipse.jetty.util.thread.strategy.EatWhatYouKill.doProduce(EatWhatYouKill.java:313)
	at org.eclipse.jetty.util.thread.strategy.EatWhatYouKill.tryProduce(EatWhatYouKill.java:171)
	at org.eclipse.jetty.util.thread.strategy.EatWhatYouKill.run(EatWhatYouKill.java:129)
	at org.eclipse.jetty.util.thread.ReservedThreadExecutor$ReservedThread.run(ReservedThreadExecutor.java:375)
	at org.eclipse.jetty.util.thread.QueuedThreadPool.runJob(QueuedThreadPool.java:773)
	at org.eclipse.jetty.util.thread.QueuedThreadPool$Runner.run(QueuedThreadPool.java:905)
	at java.base/java.lang.Thread.run(Thread.java:832)
20-02-2021 10:33:18 ERROR ClientDaoPostgres:115 - Failed to update client
org.postgresql.util.PSQLException: ERROR: syntax error at or near "("
  Position: 15
	at org.postgresql.core.v3.QueryExecutorImpl.receiveErrorResponse(QueryExecutorImpl.java:2553)
	at org.postgresql.core.v3.QueryExecutorImpl.processResults(QueryExecutorImpl.java:2285)
	at org.postgresql.core.v3.QueryExecutorImpl.execute(QueryExecutorImpl.java:323)
	at org.postgresql.jdbc.PgStatement.executeInternal(PgStatement.java:473)
	at org.postgresql.jdbc.PgStatement.execute(PgStatement.java:393)
	at org.postgresql.jdbc.PgPreparedStatement.executeWithFlags(PgPreparedStatement.java:164)
	at org.postgresql.jdbc.PgPreparedStatement.executeQuery(PgPreparedStatement.java:114)
	at dev.zhen.daos.ClientDaoPostgres.updateClient(ClientDaoPostgres.java:109)
	at dev.zhen.service.ClientServiceImpl.updateClient(ClientServiceImpl.java:38)
	at dev.zhen.controllers.ClientController.lambda$new$3(ClientController.java:63)
	at io.javalin.core.security.SecurityUtil.noopAccessManager(SecurityUtil.kt:23)
	at io.javalin.http.JavalinServlet$addHandler$protectedHandler$1.handle(JavalinServlet.kt:121)
	at io.javalin.http.JavalinServlet$service$2$1.invoke(JavalinServlet.kt:45)
	at io.javalin.http.JavalinServlet$service$2$1.invoke(JavalinServlet.kt:24)
	at io.javalin.http.JavalinServlet$service$1.invoke(JavalinServlet.kt:129)
	at io.javalin.http.JavalinServlet$service$2.invoke(JavalinServlet.kt:40)
	at io.javalin.http.JavalinServlet.service(JavalinServlet.kt:81)
	at javax.servlet.http.HttpServlet.service(HttpServlet.java:790)
	at io.javalin.websocket.JavalinWsServlet.service(JavalinWsServlet.kt:51)
	at javax.servlet.http.HttpServlet.service(HttpServlet.java:790)
	at org.eclipse.jetty.servlet.ServletHolder.handle(ServletHolder.java:791)
	at org.eclipse.jetty.servlet.ServletHandler.doHandle(ServletHandler.java:550)
	at org.eclipse.jetty.server.handler.ScopedHandler.nextHandle(ScopedHandler.java:233)
	at org.eclipse.jetty.server.session.SessionHandler.doHandle(SessionHandler.java:1624)
	at org.eclipse.jetty.server.handler.ScopedHandler.nextHandle(ScopedHandler.java:233)
	at io.javalin.core.JavalinServer$start$wsAndHttpHandler$1.doHandle(JavalinServer.kt:49)
	at org.eclipse.jetty.server.handler.ScopedHandler.nextScope(ScopedHandler.java:188)
	at org.eclipse.jetty.servlet.ServletHandler.doScope(ServletHandler.java:501)
	at org.eclipse.jetty.server.session.SessionHandler.doScope(SessionHandler.java:1594)
	at org.eclipse.jetty.server.handler.ScopedHandler.nextScope(ScopedHandler.java:186)
	at org.eclipse.jetty.server.handler.ContextHandler.doScope(ContextHandler.java:1350)
	at org.eclipse.jetty.server.handler.ScopedHandler.handle(ScopedHandler.java:141)
	at org.eclipse.jetty.server.handler.StatisticsHandler.handle(StatisticsHandler.java:179)
	at org.eclipse.jetty.server.handler.HandlerWrapper.handle(HandlerWrapper.java:127)
	at org.eclipse.jetty.server.Server.handle(Server.java:516)
	at org.eclipse.jetty.server.HttpChannel.lambda$handle$1(HttpChannel.java:388)
	at org.eclipse.jetty.server.HttpChannel.dispatch(HttpChannel.java:633)
	at org.eclipse.jetty.server.HttpChannel.handle(HttpChannel.java:380)
	at org.eclipse.jetty.server.HttpConnection.onFillable(HttpConnection.java:273)
	at org.eclipse.jetty.io.AbstractConnection$ReadCallback.succeeded(AbstractConnection.java:311)
	at org.eclipse.jetty.io.FillInterest.fillable(FillInterest.java:105)
	at org.eclipse.jetty.io.ChannelEndPoint$1.run(ChannelEndPoint.java:104)
	at org.eclipse.jetty.util.thread.QueuedThreadPool.runJob(QueuedThreadPool.java:773)
	at org.eclipse.jetty.util.thread.QueuedThreadPool$Runner.run(QueuedThreadPool.java:905)
	at java.base/java.lang.Thread.run(Thread.java:832)
20-02-2021 10:42:33 ERROR ClientDaoPostgres:117 - Failed to update client
org.postgresql.util.PSQLException: ERROR: syntax error at or near "("
  Position: 15
	at org.postgresql.core.v3.QueryExecutorImpl.receiveErrorResponse(QueryExecutorImpl.java:2553)
	at org.postgresql.core.v3.QueryExecutorImpl.processResults(QueryExecutorImpl.java:2285)
	at org.postgresql.core.v3.QueryExecutorImpl.execute(QueryExecutorImpl.java:323)
	at org.postgresql.jdbc.PgStatement.executeInternal(PgStatement.java:473)
	at org.postgresql.jdbc.PgStatement.execute(PgStatement.java:393)
	at org.postgresql.jdbc.PgPreparedStatement.executeWithFlags(PgPreparedStatement.java:164)
	at org.postgresql.jdbc.PgPreparedStatement.executeQuery(PgPreparedStatement.java:114)
	at dev.zhen.daos.ClientDaoPostgres.updateClient(ClientDaoPostgres.java:111)
	at dev.zhen.service.ClientServiceImpl.updateClient(ClientServiceImpl.java:38)
	at dev.zhen.controllers.ClientController.lambda$new$3(ClientController.java:63)
	at io.javalin.core.security.SecurityUtil.noopAccessManager(SecurityUtil.kt:23)
	at io.javalin.http.JavalinServlet$addHandler$protectedHandler$1.handle(JavalinServlet.kt:121)
	at io.javalin.http.JavalinServlet$service$2$1.invoke(JavalinServlet.kt:45)
	at io.javalin.http.JavalinServlet$service$2$1.invoke(JavalinServlet.kt:24)
	at io.javalin.http.JavalinServlet$service$1.invoke(JavalinServlet.kt:129)
	at io.javalin.http.JavalinServlet$service$2.invoke(JavalinServlet.kt:40)
	at io.javalin.http.JavalinServlet.service(JavalinServlet.kt:81)
	at javax.servlet.http.HttpServlet.service(HttpServlet.java:790)
	at io.javalin.websocket.JavalinWsServlet.service(JavalinWsServlet.kt:51)
	at javax.servlet.http.HttpServlet.service(HttpServlet.java:790)
	at org.eclipse.jetty.servlet.ServletHolder.handle(ServletHolder.java:791)
	at org.eclipse.jetty.servlet.ServletHandler.doHandle(ServletHandler.java:550)
	at org.eclipse.jetty.server.handler.ScopedHandler.nextHandle(ScopedHandler.java:233)
	at org.eclipse.jetty.server.session.SessionHandler.doHandle(SessionHandler.java:1624)
	at org.eclipse.jetty.server.handler.ScopedHandler.nextHandle(ScopedHandler.java:233)
	at io.javalin.core.JavalinServer$start$wsAndHttpHandler$1.doHandle(JavalinServer.kt:49)
	at org.eclipse.jetty.server.handler.ScopedHandler.nextScope(ScopedHandler.java:188)
	at org.eclipse.jetty.servlet.ServletHandler.doScope(ServletHandler.java:501)
	at org.eclipse.jetty.server.session.SessionHandler.doScope(SessionHandler.java:1594)
	at org.eclipse.jetty.server.handler.ScopedHandler.nextScope(ScopedHandler.java:186)
	at org.eclipse.jetty.server.handler.ContextHandler.doScope(ContextHandler.java:1350)
	at org.eclipse.jetty.server.handler.ScopedHandler.handle(ScopedHandler.java:141)
	at org.eclipse.jetty.server.handler.StatisticsHandler.handle(StatisticsHandler.java:179)
	at org.eclipse.jetty.server.handler.HandlerWrapper.handle(HandlerWrapper.java:127)
	at org.eclipse.jetty.server.Server.handle(Server.java:516)
	at org.eclipse.jetty.server.HttpChannel.lambda$handle$1(HttpChannel.java:388)
	at org.eclipse.jetty.server.HttpChannel.dispatch(HttpChannel.java:633)
	at org.eclipse.jetty.server.HttpChannel.handle(HttpChannel.java:380)
	at org.eclipse.jetty.server.HttpConnection.onFillable(HttpConnection.java:273)
	at org.eclipse.jetty.io.AbstractConnection$ReadCallback.succeeded(AbstractConnection.java:311)
	at org.eclipse.jetty.io.FillInterest.fillable(FillInterest.java:105)
	at org.eclipse.jetty.io.ChannelEndPoint$1.run(ChannelEndPoint.java:104)
	at org.eclipse.jetty.util.thread.QueuedThreadPool.runJob(QueuedThreadPool.java:773)
	at org.eclipse.jetty.util.thread.QueuedThreadPool$Runner.run(QueuedThreadPool.java:905)
	at java.base/java.lang.Thread.run(Thread.java:832)
20-02-2021 10:44:46 ERROR ClientDaoPostgres:117 - Failed to update client
org.postgresql.util.PSQLException: ERROR: syntax error at or near "("
  Position: 15
	at org.postgresql.core.v3.QueryExecutorImpl.receiveErrorResponse(QueryExecutorImpl.java:2553)
	at org.postgresql.core.v3.QueryExecutorImpl.processResults(QueryExecutorImpl.java:2285)
	at org.postgresql.core.v3.QueryExecutorImpl.execute(QueryExecutorImpl.java:323)
	at org.postgresql.jdbc.PgStatement.executeInternal(PgStatement.java:473)
	at org.postgresql.jdbc.PgStatement.execute(PgStatement.java:393)
	at org.postgresql.jdbc.PgPreparedStatement.executeWithFlags(PgPreparedStatement.java:164)
	at org.postgresql.jdbc.PgPreparedStatement.executeQuery(PgPreparedStatement.java:114)
	at dev.zhen.daos.ClientDaoPostgres.updateClient(ClientDaoPostgres.java:111)
	at dev.zhen.service.ClientServiceImpl.updateClient(ClientServiceImpl.java:38)
	at dev.zhen.controllers.ClientController.lambda$new$3(ClientController.java:64)
	at io.javalin.core.security.SecurityUtil.noopAccessManager(SecurityUtil.kt:23)
	at io.javalin.http.JavalinServlet$addHandler$protectedHandler$1.handle(JavalinServlet.kt:121)
	at io.javalin.http.JavalinServlet$service$2$1.invoke(JavalinServlet.kt:45)
	at io.javalin.http.JavalinServlet$service$2$1.invoke(JavalinServlet.kt:24)
	at io.javalin.http.JavalinServlet$service$1.invoke(JavalinServlet.kt:129)
	at io.javalin.http.JavalinServlet$service$2.invoke(JavalinServlet.kt:40)
	at io.javalin.http.JavalinServlet.service(JavalinServlet.kt:81)
	at javax.servlet.http.HttpServlet.service(HttpServlet.java:790)
	at io.javalin.websocket.JavalinWsServlet.service(JavalinWsServlet.kt:51)
	at javax.servlet.http.HttpServlet.service(HttpServlet.java:790)
	at org.eclipse.jetty.servlet.ServletHolder.handle(ServletHolder.java:791)
	at org.eclipse.jetty.servlet.ServletHandler.doHandle(ServletHandler.java:550)
	at org.eclipse.jetty.server.handler.ScopedHandler.nextHandle(ScopedHandler.java:233)
	at org.eclipse.jetty.server.session.SessionHandler.doHandle(SessionHandler.java:1624)
	at org.eclipse.jetty.server.handler.ScopedHandler.nextHandle(ScopedHandler.java:233)
	at io.javalin.core.JavalinServer$start$wsAndHttpHandler$1.doHandle(JavalinServer.kt:49)
	at org.eclipse.jetty.server.handler.ScopedHandler.nextScope(ScopedHandler.java:188)
	at org.eclipse.jetty.servlet.ServletHandler.doScope(ServletHandler.java:501)
	at org.eclipse.jetty.server.session.SessionHandler.doScope(SessionHandler.java:1594)
	at org.eclipse.jetty.server.handler.ScopedHandler.nextScope(ScopedHandler.java:186)
	at org.eclipse.jetty.server.handler.ContextHandler.doScope(ContextHandler.java:1350)
	at org.eclipse.jetty.server.handler.ScopedHandler.handle(ScopedHandler.java:141)
	at org.eclipse.jetty.server.handler.StatisticsHandler.handle(StatisticsHandler.java:179)
	at org.eclipse.jetty.server.handler.HandlerWrapper.handle(HandlerWrapper.java:127)
	at org.eclipse.jetty.server.Server.handle(Server.java:516)
	at org.eclipse.jetty.server.HttpChannel.lambda$handle$1(HttpChannel.java:388)
	at org.eclipse.jetty.server.HttpChannel.dispatch(HttpChannel.java:633)
	at org.eclipse.jetty.server.HttpChannel.handle(HttpChannel.java:380)
	at org.eclipse.jetty.server.HttpConnection.onFillable(HttpConnection.java:273)
	at org.eclipse.jetty.io.AbstractConnection$ReadCallback.succeeded(AbstractConnection.java:311)
	at org.eclipse.jetty.io.FillInterest.fillable(FillInterest.java:105)
	at org.eclipse.jetty.io.ChannelEndPoint$1.run(ChannelEndPoint.java:104)
	at org.eclipse.jetty.util.thread.QueuedThreadPool.runJob(QueuedThreadPool.java:773)
	at org.eclipse.jetty.util.thread.QueuedThreadPool$Runner.run(QueuedThreadPool.java:905)
	at java.base/java.lang.Thread.run(Thread.java:832)
